Traceback (most recent call last):
  File "/Users/long/opt/anaconda3/envs/py39/lib/python3.9/site-packages/jupyter_cache/executors/utils.py", line 51, in single_nb_execution
    executenb(
  File "/Users/long/opt/anaconda3/envs/py39/lib/python3.9/site-packages/nbclient/client.py", line 1204, in execute
    return NotebookClient(nb=nb, resources=resources, km=km, **kwargs).execute()
  File "/Users/long/opt/anaconda3/envs/py39/lib/python3.9/site-packages/nbclient/util.py", line 84, in wrapped
    return just_run(coro(*args, **kwargs))
  File "/Users/long/opt/anaconda3/envs/py39/lib/python3.9/site-packages/nbclient/util.py", line 62, in just_run
    return loop.run_until_complete(coro)
  File "/Users/long/opt/anaconda3/envs/py39/lib/python3.9/asyncio/base_events.py", line 647, in run_until_complete
    return future.result()
  File "/Users/long/opt/anaconda3/envs/py39/lib/python3.9/site-packages/nbclient/client.py", line 663, in async_execute
    await self.async_execute_cell(
  File "/Users/long/opt/anaconda3/envs/py39/lib/python3.9/site-packages/nbclient/client.py", line 965, in async_execute_cell
    await self._check_raise_for_error(cell, cell_index, exec_reply)
  File "/Users/long/opt/anaconda3/envs/py39/lib/python3.9/site-packages/nbclient/client.py", line 862, in _check_raise_for_error
    raise CellExecutionError.from_cell_and_msg(cell, exec_reply_content)
nbclient.exceptions.CellExecutionError: An error occurred while executing the following cell:
------------------
# import libraries
from selenium import webdriver
from selenium.webdriver.common.by import By
from selenium.webdriver.support.ui import WebDriverWait
from selenium.webdriver.support import expected_conditions as EC
from selenium.webdriver.support.ui import Select
from time import sleep
import pandas as pd
#import datefinder
import calendar
import os
import unittest
from random import randint
#import PyPDF2
import glob
import time
import json
import fitz
import PyPDF2

driver_path = 'I:\Projects\AFRI\chromedriver.exe'  #for windows
driver_path = '/Users/long/OneDrive/Projects/AFRI/chromedriver'
# driver_path = '/Users/Yanxu/OneDrive/Projects/AgPolicyCoding/chromedriver'
# driver = webdriver.Chrome(executable_path=DRIVER_PATH)

# Change the working directory
#os.chdir('/Users/long/OneDrive/Projects/AFRI')
os.chdir('/Volumes/GoogleDrive/Shared drives/UCSC-UMN AFRI project/Data/Raw_Data/AR')
#os.chdir('/Users/long/Downloads/')
# Get the current working directory
cwd = os.getcwd()
# Print the current working directory
print("Current working directory: {0}".format(cwd))

chromeOptions = webdriver.ChromeOptions()
# for mac
#dnldpath = {"download.default_directory" : "/Users/long/OneDrive/Projects/AFRI/data/SD/"}
# for windows
dnldpath = {"download.default_directory": "I:\Projects\AFRI\data\AR"}
dnldpath = {"download.default_directory": '/Users/long/OneDrive/Projects/AFRI/data/AR'}

chromeOptions.add_experimental_option("prefs", dnldpath)
chromeOptions.add_argument('--no-sandbox')
chromeOptions.add_argument('--disable-dev-shm-usage')
driver = webdriver.Chrome(executable_path=driver_path, options=chromeOptions)

#driver = webdriver.Firefox()


driver.get(
    "https://www.arkleg.state.ar.us/Acts/Search?tbType=&ddBienniumSession=2021%2F2022F&bienniumAll=on&hdnSessions=on%2Cb2021%2Cz2021R%2Cz2021S1%2Cz2021S2%2Cz2022F%2Cb2019%2Cz2019R%2Cz2020F%2Cz2020S1%2Cb2017%2Cz2017R%2Cz2017S1%2Cz2018F%2Cz2018S2%2Cb2015%2Cz2015R%2Cz2015S1%2Cz2016F%2Cz2016S2%2Cz2016S3%2Cb2013%2Cz2013R%2Cz2013S1%2Cz2014F%2Cz2014S2%2Cb2011%2Cz2011R%2Cz2012F%2Cb2009%2Cz2009R%2Cz2010F%2Cb2007%2Cz2007R%2Cz2008S1%2Cb2005%2Cz2005R%2Cz2006S1%2Cb2003%2Cz2003R%2Cz2003S1%2Cz2003S2%2Cb2001%2Cz2001R%2Cz2002S1%2Cb1999%2Cz1999R%2Cz1999S1%2Cz2000S2%2Cb1997%2Cz1997R%2Cb1995%2Cz1995R%2Cz1995S1%2Cb1993%2Cz1993R%2Cz1993S1%2Cz1994S2%2Cb1991%2Cz1991R%2Cz1991S1%2Cz1991S2%2Cb1989%2Cz1989R%2Cz1989S1%2Cz1989S2%2Cz1989S3%2Cb1987%2Cz1987R%2Cz1987S1%2Cz1987S2%2Cz1987S3%2Cz1987S4%2C&ddChamber=A&tbActNumber=&tbBillNumber=&ddSponsor=&tbAllWords=&tbExactPhrase=&tbOneWord=&tbWithoutWords=&ddExclusivity=Only")

urls = []

acts = driver.find_elements(By.CSS_SELECTOR,
                            "#advancedResults > div > div.col-md-1.meetingButtons.leftAlign.noPrint > a:nth-child(2)")
for act in acts:
    url = act.get_attribute('href')
    urls.append(url)
driver.find_element(By.CSS_SELECTOR, '#advancedResults > div.row.tableSectionFooter > div > a:nth-child(2)').click()
acts = driver.find_elements(By.CSS_SELECTOR,
                            "#advancedResults > div > div.col-md-1.meetingButtons.leftAlign.noPrint > a:nth-child(2)")
for act in acts:
    url = act.get_attribute('href')
    urls.append(url)
driver.find_element(By.CSS_SELECTOR, '#advancedResults > div.row.tableSectionFooter > div > a:nth-child(3)').click()
acts = driver.find_elements(By.CSS_SELECTOR,
                            "#advancedResults > div > div.col-md-1.meetingButtons.leftAlign.noPrint > a:nth-child(2)")
for act in acts:
    url = act.get_attribute('href')
    urls.append(url)
driver.find_element(By.CSS_SELECTOR, '#advancedResults > div.row.tableSectionFooter > div > a:nth-child(4)').click()
acts = driver.find_elements(By.CSS_SELECTOR,
                            "#advancedResults > div > div.col-md-1.meetingButtons.leftAlign.noPrint > a:nth-child(2)")
for act in acts:
    url = act.get_attribute('href')
    urls.append(url)
driver.find_element(By.CSS_SELECTOR, '#advancedResults > div.row.tableSectionFooter > div > a:nth-child(5)').click()
acts = driver.find_elements(By.CSS_SELECTOR,
                            "#advancedResults > div > div.col-md-1.meetingButtons.leftAlign.noPrint > a:nth-child(2)")
for act in acts:
    url = act.get_attribute('href')
    urls.append(url)
driver.find_element(By.CSS_SELECTOR, '#advancedResults > div.row.tableSectionFooter > div > a:nth-child(6)').click()
acts = driver.find_elements(By.CSS_SELECTOR,
                            "#advancedResults > div > div.col-md-1.meetingButtons.leftAlign.noPrint > a:nth-child(2)")
for act in acts:
    url = act.get_attribute('href')
    urls.append(url)
driver.find_element(By.CSS_SELECTOR, '#advancedResults > div.row.tableSectionFooter > div > a:nth-child(7)').click()
acts = driver.find_elements(By.CSS_SELECTOR,
                            "#advancedResults > div > div.col-md-1.meetingButtons.leftAlign.noPrint > a:nth-child(2)")
for act in acts:
    url = act.get_attribute('href')
    urls.append(url)
driver.find_element(By.CSS_SELECTOR, '#advancedResults > div.row.tableSectionFooter > div > a:nth-child(8)').click()
acts = driver.find_elements(By.CSS_SELECTOR,
                            "#advancedResults > div > div.col-md-1.meetingButtons.leftAlign.noPrint > a:nth-child(2)")
for act in acts:
    url = act.get_attribute('href')
    urls.append(url)
driver.find_element(By.CSS_SELECTOR, '#advancedResults > div.row.tableSectionFooter > div > a:nth-child(9)').click()
acts = driver.find_elements(By.CSS_SELECTOR,
                            "#advancedResults > div > div.col-md-1.meetingButtons.leftAlign.noPrint > a:nth-child(2)")
for act in acts:
    url = act.get_attribute('href')
    urls.append(url)
driver.find_element(By.CSS_SELECTOR, '#advancedResults > div.row.tableSectionFooter > div > a:nth-child(10)').click()
acts = driver.find_elements(By.CSS_SELECTOR,
                            "#advancedResults > div > div.col-md-1.meetingButtons.leftAlign.noPrint > a:nth-child(2)")
for act in acts:
    url = act.get_attribute('href')
    urls.append(url)
driver.find_element(By.CSS_SELECTOR, '#advancedResults > div.row.tableSectionFooter > div > a:nth-child(11)').click()
acts = driver.find_elements(By.CSS_SELECTOR,
                            "#advancedResults > div > div.col-md-1.meetingButtons.leftAlign.noPrint > a:nth-child(2)")
for act in acts:
    url = act.get_attribute('href')
    urls.append(url)
driver.find_element(By.CSS_SELECTOR, '#advancedResults > div.row.tableSectionFooter > div > a:nth-child(12)').click()
acts = driver.find_elements(By.CSS_SELECTOR,
                            "#advancedResults > div > div.col-md-1.meetingButtons.leftAlign.noPrint > a:nth-child(2)")
for act in acts:
    url = act.get_attribute('href')
    urls.append(url)
driver.find_element(By.CSS_SELECTOR, '#advancedResults > div.row.tableSectionFooter > div > a:nth-child(13)').click()
acts = driver.find_elements(By.CSS_SELECTOR,
                            "#advancedResults > div > div.col-md-1.meetingButtons.leftAlign.noPrint > a:nth-child(2)")
for act in acts:
    url = act.get_attribute('href')
    urls.append(url)
driver.find_element(By.CSS_SELECTOR, '#advancedResults > div.row.tableSectionFooter > div > a:nth-child(14)').click()
acts = driver.find_elements(By.CSS_SELECTOR,
                            "#advancedResults > div > div.col-md-1.meetingButtons.leftAlign.noPrint > a:nth-child(2)")
for act in acts:
    url = act.get_attribute('href')
    urls.append(url)
driver.find_element(By.CSS_SELECTOR, '#advancedResults > div.row.tableSectionFooter > div > a:nth-child(15)').click()
acts = driver.find_elements(By.CSS_SELECTOR,
                            "#advancedResults > div > div.col-md-1.meetingButtons.leftAlign.noPrint > a:nth-child(2)")
for act in acts:
    url = act.get_attribute('href')
    urls.append(url)
driver.find_element(By.CSS_SELECTOR, '#advancedResults > div.row.tableSectionFooter > div > a:nth-child(16)').click()
acts = driver.find_elements(By.CSS_SELECTOR,
                            "#advancedResults > div > div.col-md-1.meetingButtons.leftAlign.noPrint > a:nth-child(2)")
for act in acts:
    url = act.get_attribute('href')
    urls.append(url)
driver.find_element(By.CSS_SELECTOR, '#advancedResults > div.row.tableSectionFooter > div > a:nth-child(17)').click()
acts = driver.find_elements(By.CSS_SELECTOR,
                            "#advancedResults > div > div.col-md-1.meetingButtons.leftAlign.noPrint > a:nth-child(2)")
for act in acts:
    url = act.get_attribute('href')
    urls.append(url)
driver.find_element(By.CSS_SELECTOR, '#advancedResults > div.row.tableSectionFooter > div > a:nth-child(18)').click()
acts = driver.find_elements(By.CSS_SELECTOR,
                            "#advancedResults > div > div.col-md-1.meetingButtons.leftAlign.noPrint > a:nth-child(2)")
for act in acts:
    url = act.get_attribute('href')
    urls.append(url)
driver.find_element(By.CSS_SELECTOR, '#advancedResults > div.row.tableSectionFooter > div > a:nth-child(19)').click()
acts = driver.find_elements(By.CSS_SELECTOR,
                            "#advancedResults > div > div.col-md-1.meetingButtons.leftAlign.noPrint > a:nth-child(2)")
for act in acts:
    url = act.get_attribute('href')
    urls.append(url)
driver.find_element(By.CSS_SELECTOR, '#advancedResults > div.row.tableSectionFooter > div > a:nth-child(20)').click()
acts = driver.find_elements(By.CSS_SELECTOR,
                            "#advancedResults > div > div.col-md-1.meetingButtons.leftAlign.noPrint > a:nth-child(2)")
for act in acts:
    url = act.get_attribute('href')
    urls.append(url)
driver.find_element(By.CSS_SELECTOR, '#advancedResults > div.row.tableSectionFooter > div > a:nth-child(21)').click()

for i in range(1, 71):
    print(i)
    acts = driver.find_elements(By.CSS_SELECTOR,
                                "#advancedResults > div > div.col-md-1.meetingButtons.leftAlign.noPrint > a:nth-child(2)")
    for act in acts:
        url = act.get_attribute('href')
        urls.append(url)
    driver.find_element(By.CSS_SELECTOR, '#advancedResults > div.row.tableSectionFooter > div > a:nth-child(4)').click()
    time.sleep(1)
    WebDriverWait(driver, 300).until(
        EC.presence_of_element_located((By.CSS_SELECTOR, "#advancedResults"))
    )
    acts = driver.find_elements(By.CSS_SELECTOR,
                                "#advancedResults > div > div.col-md-1.meetingButtons.leftAlign.noPrint > a:nth-child(2)")
    for act in acts:
        url = act.get_attribute('href')
        urls.append(url)
    driver.find_element(By.CSS_SELECTOR, '#advancedResults > div.row.tableSectionFooter > div > a:nth-child(5)').click()
    time.sleep(1)
    WebDriverWait(driver, 300).until(
        EC.presence_of_element_located((By.CSS_SELECTOR, "#advancedResults"))
    )
    acts = driver.find_elements(By.CSS_SELECTOR,
                                "#advancedResults > div > div.col-md-1.meetingButtons.leftAlign.noPrint > a:nth-child(2)")
    for act in acts:
        url = act.get_attribute('href')
        urls.append(url)
    driver.find_element(By.CSS_SELECTOR, '#advancedResults > div.row.tableSectionFooter > div > a:nth-child(6)').click()
    time.sleep(1)
    WebDriverWait(driver, 300).until(
        EC.presence_of_element_located((By.CSS_SELECTOR, "#advancedResults"))
    )
    acts = driver.find_elements(By.CSS_SELECTOR,
                                "#advancedResults > div > div.col-md-1.meetingButtons.leftAlign.noPrint > a:nth-child(2)")
    for act in acts:
        url = act.get_attribute('href')
        urls.append(url)
    driver.find_element(By.CSS_SELECTOR, '#advancedResults > div.row.tableSectionFooter > div > a:nth-child(7)').click()
    time.sleep(1)
    WebDriverWait(driver, 300).until(
        EC.presence_of_element_located((By.CSS_SELECTOR, "#advancedResults"))
    )
    acts = driver.find_elements(By.CSS_SELECTOR,
                                "#advancedResults > div > div.col-md-1.meetingButtons.leftAlign.noPrint > a:nth-child(2)")
    for act in acts:
        url = act.get_attribute('href')
        urls.append(url)
    driver.find_element(By.CSS_SELECTOR, '#advancedResults > div.row.tableSectionFooter > div > a:nth-child(8)').click()
    time.sleep(1)
    WebDriverWait(driver, 300).until(
        EC.presence_of_element_located((By.CSS_SELECTOR, "#advancedResults"))
    )
    acts = driver.find_elements(By.CSS_SELECTOR,
                                "#advancedResults > div > div.col-md-1.meetingButtons.leftAlign.noPrint > a:nth-child(2)")
    for act in acts:
        url = act.get_attribute('href')
        urls.append(url)
    driver.find_element(By.CSS_SELECTOR, '#advancedResults > div.row.tableSectionFooter > div > a:nth-child(9)').click()
    time.sleep(1)
    WebDriverWait(driver, 300).until(
        EC.presence_of_element_located((By.CSS_SELECTOR, "#advancedResults"))
    )
    acts = driver.find_elements(By.CSS_SELECTOR,
                                "#advancedResults > div > div.col-md-1.meetingButtons.leftAlign.noPrint > a:nth-child(2)")
    for act in acts:
        url = act.get_attribute('href')
        urls.append(url)
    driver.find_element(By.CSS_SELECTOR,
                        '#advancedResults > div.row.tableSectionFooter > div > a:nth-child(10)').click()
    time.sleep(1)
    WebDriverWait(driver, 300).until(
        EC.presence_of_element_located((By.CSS_SELECTOR, "#advancedResults"))
    )
    acts = driver.find_elements(By.CSS_SELECTOR,
                                "#advancedResults > div > div.col-md-1.meetingButtons.leftAlign.noPrint > a:nth-child(2)")
    for act in acts:
        url = act.get_attribute('href')
        urls.append(url)
    driver.find_element(By.CSS_SELECTOR,
                        '#advancedResults > div.row.tableSectionFooter > div > a:nth-child(11)').click()
    time.sleep(1)
    WebDriverWait(driver, 300).until(
        EC.presence_of_element_located((By.CSS_SELECTOR, "#advancedResults"))
    )
    acts = driver.find_elements(By.CSS_SELECTOR,
                                "#advancedResults > div > div.col-md-1.meetingButtons.leftAlign.noPrint > a:nth-child(2)")
    for act in acts:
        url = act.get_attribute('href')
        urls.append(url)
    driver.find_element(By.CSS_SELECTOR,
                        '#advancedResults > div.row.tableSectionFooter > div > a:nth-child(12)').click()
    time.sleep(1)
    WebDriverWait(driver, 300).until(
        EC.presence_of_element_located((By.CSS_SELECTOR, "#advancedResults"))
    )
    acts = driver.find_elements(By.CSS_SELECTOR,
                                "#advancedResults > div > div.col-md-1.meetingButtons.leftAlign.noPrint > a:nth-child(2)")
    for act in acts:
        url = act.get_attribute('href')
        urls.append(url)
    driver.find_element(By.CSS_SELECTOR,
                        '#advancedResults > div.row.tableSectionFooter > div > a:nth-child(13)').click()
    time.sleep(1)
    WebDriverWait(driver, 300).until(
        EC.presence_of_element_located((By.CSS_SELECTOR, "#advancedResults"))
    )
    acts = driver.find_elements(By.CSS_SELECTOR,
                                "#advancedResults > div > div.col-md-1.meetingButtons.leftAlign.noPrint > a:nth-child(2)")
    for act in acts:
        url = act.get_attribute('href')
        urls.append(url)
    driver.find_element(By.CSS_SELECTOR,
                        '#advancedResults > div.row.tableSectionFooter > div > a:nth-child(14)').click()
    time.sleep(1)
    WebDriverWait(driver, 300).until(
        EC.presence_of_element_located((By.CSS_SELECTOR, "#advancedResults"))
    )
    acts = driver.find_elements(By.CSS_SELECTOR,
                                "#advancedResults > div > div.col-md-1.meetingButtons.leftAlign.noPrint > a:nth-child(2)")
    for act in acts:
        url = act.get_attribute('href')
        urls.append(url)
    driver.find_element(By.CSS_SELECTOR,
                        '#advancedResults > div.row.tableSectionFooter > div > a:nth-child(15)').click()
    time.sleep(1)
    WebDriverWait(driver, 300).until(
        EC.presence_of_element_located((By.CSS_SELECTOR, "#advancedResults"))
    )
    acts = driver.find_elements(By.CSS_SELECTOR,
                                "#advancedResults > div > div.col-md-1.meetingButtons.leftAlign.noPrint > a:nth-child(2)")
    for act in acts:
        url = act.get_attribute('href')
        urls.append(url)
    driver.find_element(By.CSS_SELECTOR,
                        '#advancedResults > div.row.tableSectionFooter > div > a:nth-child(16)').click()
    time.sleep(1)
    WebDriverWait(driver, 300).until(
        EC.presence_of_element_located((By.CSS_SELECTOR, "#advancedResults"))
    )
    acts = driver.find_elements(By.CSS_SELECTOR,
                                "#advancedResults > div > div.col-md-1.meetingButtons.leftAlign.noPrint > a:nth-child(2)")
    for act in acts:
        url = act.get_attribute('href')
        urls.append(url)
    driver.find_element(By.CSS_SELECTOR,
                        '#advancedResults > div.row.tableSectionFooter > div > a:nth-child(17)').click()
    time.sleep(1)
    WebDriverWait(driver, 300).until(
        EC.presence_of_element_located((By.CSS_SELECTOR, "#advancedResults"))
    )
    acts = driver.find_elements(By.CSS_SELECTOR,
                                "#advancedResults > div > div.col-md-1.meetingButtons.leftAlign.noPrint > a:nth-child(2)")
    for act in acts:
        url = act.get_attribute('href')
        urls.append(url)
    driver.find_element(By.CSS_SELECTOR,
                        '#advancedResults > div.row.tableSectionFooter > div > a:nth-child(18)').click()
    time.sleep(1)
    WebDriverWait(driver, 300).until(
        EC.presence_of_element_located((By.CSS_SELECTOR, "#advancedResults"))
    )
    acts = driver.find_elements(By.CSS_SELECTOR,
                                "#advancedResults > div > div.col-md-1.meetingButtons.leftAlign.noPrint > a:nth-child(2)")
    for act in acts:
        url = act.get_attribute('href')
        urls.append(url)
    driver.find_element(By.CSS_SELECTOR,
                        '#advancedResults > div.row.tableSectionFooter > div > a:nth-child(19)').click()
    time.sleep(1)
    WebDriverWait(driver, 300).until(
        EC.presence_of_element_located((By.CSS_SELECTOR, "#advancedResults"))
    )
    acts = driver.find_elements(By.CSS_SELECTOR,
                                "#advancedResults > div > div.col-md-1.meetingButtons.leftAlign.noPrint > a:nth-child(2)")
    for act in acts:
        url = act.get_attribute('href')
        urls.append(url)
    driver.find_element(By.CSS_SELECTOR,
                        '#advancedResults > div.row.tableSectionFooter > div > a:nth-child(20)').click()
    time.sleep(1)
    WebDriverWait(driver, 300).until(
        EC.presence_of_element_located((By.CSS_SELECTOR, "#advancedResults"))
    )
    acts = driver.find_elements(By.CSS_SELECTOR,
                                "#advancedResults > div > div.col-md-1.meetingButtons.leftAlign.noPrint > a:nth-child(2)")
    for act in acts:
        url = act.get_attribute('href')
        urls.append(url)
    driver.find_element(By.CSS_SELECTOR,
                        '#advancedResults > div.row.tableSectionFooter > div > a:nth-child(21)').click()
    time.sleep(1)
    WebDriverWait(driver, 300).until(
        EC.presence_of_element_located((By.CSS_SELECTOR, "#advancedResults"))
    )
    acts = driver.find_elements(By.CSS_SELECTOR,
                                "#advancedResults > div > div.col-md-1.meetingButtons.leftAlign.noPrint > a:nth-child(2)")
    for act in acts:
        url = act.get_attribute('href')
        urls.append(url)
    driver.find_element(By.CSS_SELECTOR,
                        '#advancedResults > div.row.tableSectionFooter > div > a:nth-child(22)').click()
    time.sleep(1)
    WebDriverWait(driver, 300).until(
        EC.presence_of_element_located((By.CSS_SELECTOR, "#advancedResults"))
    )
    acts = driver.find_elements(By.CSS_SELECTOR,
                                "#advancedResults > div > div.col-md-1.meetingButtons.leftAlign.noPrint > a:nth-child(2)")
    for act in acts:
        url = act.get_attribute('href')
        urls.append(url)
    driver.find_element(By.PARTIAL_LINK_TEXT, "›").click()
    time.sleep(2)
------------------

[0;31m---------------------------------------------------------------------------[0m
[0;31mSessionNotCreatedException[0m                Traceback (most recent call last)
Input [0;32mIn [1][0m, in [0;36m<cell line: 45>[0;34m()[0m
[1;32m     43[0m chromeOptions[38;5;241m.[39madd_argument([38;5;124m'[39m[38;5;124m--no-sandbox[39m[38;5;124m'[39m)
[1;32m     44[0m chromeOptions[38;5;241m.[39madd_argument([38;5;124m'[39m[38;5;124m--disable-dev-shm-usage[39m[38;5;124m'[39m)
[0;32m---> 45[0m driver [38;5;241m=[39m [43mwebdriver[49m[38;5;241;43m.[39;49m[43mChrome[49m[43m([49m[43mexecutable_path[49m[38;5;241;43m=[39;49m[43mdriver_path[49m[43m,[49m[43m [49m[43moptions[49m[38;5;241;43m=[39;49m[43mchromeOptions[49m[43m)[49m
[1;32m     47[0m [38;5;66;03m#driver = webdriver.Firefox()[39;00m
[1;32m     50[0m driver[38;5;241m.[39mget(
[1;32m     51[0m     [38;5;124m"[39m[38;5;124mhttps://www.arkleg.state.ar.us/Acts/Search?tbType=&ddBienniumSession=2021[39m[38;5;132;01m%2F[39;00m[38;5;124m2022F&bienniumAll=on&hdnSessions=on[39m[38;5;124m%[39m[38;5;124m2Cb2021[39m[38;5;124m%[39m[38;5;124m2Cz2021R[39m[38;5;124m%[39m[38;5;124m2Cz2021S1[39m[38;5;124m%[39m[38;5;124m2Cz2021S2[39m[38;5;124m%[39m[38;5;124m2Cz2022F[39m[38;5;124m%[39m[38;5;124m2Cb2019[39m[38;5;124m%[39m[38;5;124m2Cz2019R[39m[38;5;124m%[39m[38;5;124m2Cz2020F[39m[38;5;124m%[39m[38;5;124m2Cz2020S1[39m[38;5;124m%[39m[38;5;124m2Cb2017[39m[38;5;124m%[39m[38;5;124m2Cz2017R[39m[38;5;124m%[39m[38;5;124m2Cz2017S1[39m[38;5;124m%[39m[38;5;124m2Cz2018F[39m[38;5;124m%[39m[38;5;124m2Cz2018S2[39m[38;5;124m%[39m[38;5;124m2Cb2015[39m[38;5;124m%[39m[38;5;124m2Cz2015R[39m[38;5;124m%[39m[38;5;124m2Cz2015S1[39m[38;5;124m%[39m[38;5;124m2Cz2016F[39m[38;5;124m%[39m[38;5;124m2Cz2016S2[39m[38;5;124m%[39m[38;5;124m2Cz2016S3[39m[38;5;124m%[39m[38;5;124m2Cb2013[39m[38;5;124m%[39m[38;5;124m2Cz2013R[39m[38;5;124m%[39m[38;5;124m2Cz2013S1[39m[38;5;124m%[39m[38;5;124m2Cz2014F[39m[38;5;124m%[39m[38;5;124m2Cz2014S2[39m[38;5;124m%[39m[38;5;124m2Cb2011[39m[38;5;124m%[39m[38;5;124m2Cz2011R[39m[38;5;124m%[39m[38;5;124m2Cz2012F[39m[38;5;124m%[39m[38;5;124m2Cb2009[39m[38;5;124m%[39m[38;5;124m2Cz2009R[39m[38;5;124m%[39m[38;5;124m2Cz2010F[39m[38;5;124m%[39m[38;5;124m2Cb2007[39m[38;5;124m%[39m[38;5;124m2Cz2007R[39m[38;5;124m%[39m[38;5;124m2Cz2008S1[39m[38;5;124m%[39m[38;5;124m2Cb2005[39m[38;5;124m%[39m[38;5;124m2Cz2005R[39m[38;5;124m%[39m[38;5;124m2Cz2006S1[39m[38;5;124m%[39m[38;5;124m2Cb2003[39m[38;5;124m%[39m[38;5;124m2Cz2003R[39m[38;5;124m%[39m[38;5;124m2Cz2003S1[39m[38;5;124m%[39m[38;5;124m2Cz2003S2[39m[38;5;124m%[39m[38;5;124m2Cb2001[39m[38;5;124m%[39m[38;5;124m2Cz2001R[39m[38;5;124m%[39m[38;5;124m2Cz2002S1[39m[38;5;124m%[39m[38;5;124m2Cb1999[39m[38;5;124m%[39m[38;5;124m2Cz1999R[39m[38;5;124m%[39m[38;5;124m2Cz1999S1[39m[38;5;124m%[39m[38;5;124m2Cz2000S2[39m[38;5;124m%[39m[38;5;124m2Cb1997[39m[38;5;124m%[39m[38;5;124m2Cz1997R[39m[38;5;124m%[39m[38;5;124m2Cb1995[39m[38;5;124m%[39m[38;5;124m2Cz1995R[39m[38;5;124m%[39m[38;5;124m2Cz1995S1[39m[38;5;124m%[39m[38;5;124m2Cb1993[39m[38;5;124m%[39m[38;5;124m2Cz1993R[39m[38;5;124m%[39m[38;5;124m2Cz1993S1[39m[38;5;124m%[39m[38;5;124m2Cz1994S2[39m[38;5;124m%[39m[38;5;124m2Cb1991[39m[38;5;124m%[39m[38;5;124m2Cz1991R[39m[38;5;124m%[39m[38;5;124m2Cz1991S1[39m[38;5;124m%[39m[38;5;124m2Cz1991S2[39m[38;5;124m%[39m[38;5;124m2Cb1989[39m[38;5;124m%[39m[38;5;124m2Cz1989R[39m[38;5;124m%[39m[38;5;124m2Cz1989S1[39m[38;5;124m%[39m[38;5;124m2Cz1989S2[39m[38;5;124m%[39m[38;5;124m2Cz1989S3[39m[38;5;124m%[39m[38;5;124m2Cb1987[39m[38;5;124m%[39m[38;5;124m2Cz1987R[39m[38;5;124m%[39m[38;5;124m2Cz1987S1[39m[38;5;124m%[39m[38;5;124m2Cz1987S2[39m[38;5;124m%[39m[38;5;124m2Cz1987S3[39m[38;5;124m%[39m[38;5;124m2Cz1987S4[39m[38;5;124m%[39m[38;5;124m2C&ddChamber=A&tbActNumber=&tbBillNumber=&ddSponsor=&tbAllWords=&tbExactPhrase=&tbOneWord=&tbWithoutWords=&ddExclusivity=Only[39m[38;5;124m"[39m)

File [0;32m~/opt/anaconda3/envs/py39/lib/python3.9/site-packages/selenium/webdriver/chrome/webdriver.py:76[0m, in [0;36mWebDriver.__init__[0;34m(self, executable_path, port, options, service_args, desired_capabilities, service_log_path, chrome_options, keep_alive)[0m
[1;32m     73[0m [38;5;28mself[39m[38;5;241m.[39mservice[38;5;241m.[39mstart()
[1;32m     75[0m [38;5;28;01mtry[39;00m:
[0;32m---> 76[0m     [43mRemoteWebDriver[49m[38;5;241;43m.[39;49m[38;5;21;43m__init__[39;49m[43m([49m
[1;32m     77[0m [43m        [49m[38;5;28;43mself[39;49m[43m,[49m
[1;32m     78[0m [43m        [49m[43mcommand_executor[49m[38;5;241;43m=[39;49m[43mChromeRemoteConnection[49m[43m([49m
[1;32m     79[0m [43m            [49m[43mremote_server_addr[49m[38;5;241;43m=[39;49m[38;5;28;43mself[39;49m[38;5;241;43m.[39;49m[43mservice[49m[38;5;241;43m.[39;49m[43mservice_url[49m[43m,[49m
[1;32m     80[0m [43m            [49m[43mkeep_alive[49m[38;5;241;43m=[39;49m[43mkeep_alive[49m[43m)[49m[43m,[49m
[1;32m     81[0m [43m        [49m[43mdesired_capabilities[49m[38;5;241;43m=[39;49m[43mdesired_capabilities[49m[43m)[49m
[1;32m     82[0m [38;5;28;01mexcept[39;00m [38;5;167;01mException[39;00m:
[1;32m     83[0m     [38;5;28mself[39m[38;5;241m.[39mquit()

File [0;32m~/opt/anaconda3/envs/py39/lib/python3.9/site-packages/selenium/webdriver/remote/webdriver.py:157[0m, in [0;36mWebDriver.__init__[0;34m(self, command_executor, desired_capabilities, browser_profile, proxy, keep_alive, file_detector, options)[0m
[1;32m    154[0m [38;5;28;01mif[39;00m browser_profile [38;5;129;01mis[39;00m [38;5;129;01mnot[39;00m [38;5;28;01mNone[39;00m:
[1;32m    155[0m     warnings[38;5;241m.[39mwarn([38;5;124m"[39m[38;5;124mPlease use FirefoxOptions to set browser profile[39m[38;5;124m"[39m,
[1;32m    156[0m                   [38;5;167;01mDeprecationWarning[39;00m, stacklevel[38;5;241m=[39m[38;5;241m2[39m)
[0;32m--> 157[0m [38;5;28;43mself[39;49m[38;5;241;43m.[39;49m[43mstart_session[49m[43m([49m[43mcapabilities[49m[43m,[49m[43m [49m[43mbrowser_profile[49m[43m)[49m
[1;32m    158[0m [38;5;28mself[39m[38;5;241m.[39m_switch_to [38;5;241m=[39m SwitchTo([38;5;28mself[39m)
[1;32m    159[0m [38;5;28mself[39m[38;5;241m.[39m_mobile [38;5;241m=[39m Mobile([38;5;28mself[39m)

File [0;32m~/opt/anaconda3/envs/py39/lib/python3.9/site-packages/selenium/webdriver/remote/webdriver.py:252[0m, in [0;36mWebDriver.start_session[0;34m(self, capabilities, browser_profile)[0m
[1;32m    249[0m w3c_caps [38;5;241m=[39m _make_w3c_caps(capabilities)
[1;32m    250[0m parameters [38;5;241m=[39m {[38;5;124m"[39m[38;5;124mcapabilities[39m[38;5;124m"[39m: w3c_caps,
[1;32m    251[0m               [38;5;124m"[39m[38;5;124mdesiredCapabilities[39m[38;5;124m"[39m: capabilities}
[0;32m--> 252[0m response [38;5;241m=[39m [38;5;28;43mself[39;49m[38;5;241;43m.[39;49m[43mexecute[49m[43m([49m[43mCommand[49m[38;5;241;43m.[39;49m[43mNEW_SESSION[49m[43m,[49m[43m [49m[43mparameters[49m[43m)[49m
[1;32m    253[0m [38;5;28;01mif[39;00m [38;5;124m'[39m[38;5;124msessionId[39m[38;5;124m'[39m [38;5;129;01mnot[39;00m [38;5;129;01min[39;00m response:
[1;32m    254[0m     response [38;5;241m=[39m response[[38;5;124m'[39m[38;5;124mvalue[39m[38;5;124m'[39m]

File [0;32m~/opt/anaconda3/envs/py39/lib/python3.9/site-packages/selenium/webdriver/remote/webdriver.py:321[0m, in [0;36mWebDriver.execute[0;34m(self, driver_command, params)[0m
[1;32m    319[0m response [38;5;241m=[39m [38;5;28mself[39m[38;5;241m.[39mcommand_executor[38;5;241m.[39mexecute(driver_command, params)
[1;32m    320[0m [38;5;28;01mif[39;00m response:
[0;32m--> 321[0m     [38;5;28;43mself[39;49m[38;5;241;43m.[39;49m[43merror_handler[49m[38;5;241;43m.[39;49m[43mcheck_response[49m[43m([49m[43mresponse[49m[43m)[49m
[1;32m    322[0m     response[[38;5;124m'[39m[38;5;124mvalue[39m[38;5;124m'[39m] [38;5;241m=[39m [38;5;28mself[39m[38;5;241m.[39m_unwrap_value(
[1;32m    323[0m         response[38;5;241m.[39mget([38;5;124m'[39m[38;5;124mvalue[39m[38;5;124m'[39m, [38;5;28;01mNone[39;00m))
[1;32m    324[0m     [38;5;28;01mreturn[39;00m response

File [0;32m~/opt/anaconda3/envs/py39/lib/python3.9/site-packages/selenium/webdriver/remote/errorhandler.py:242[0m, in [0;36mErrorHandler.check_response[0;34m(self, response)[0m
[1;32m    240[0m         alert_text [38;5;241m=[39m value[[38;5;124m'[39m[38;5;124malert[39m[38;5;124m'[39m][38;5;241m.[39mget([38;5;124m'[39m[38;5;124mtext[39m[38;5;124m'[39m)
[1;32m    241[0m     [38;5;28;01mraise[39;00m exception_class(message, screen, stacktrace, alert_text)
[0;32m--> 242[0m [38;5;28;01mraise[39;00m exception_class(message, screen, stacktrace)

[0;31mSessionNotCreatedException[0m: Message: session not created: This version of ChromeDriver only supports Chrome version 105
Current browser version is 108.0.5359.124 with binary path /Applications/Google Chrome.app/Contents/MacOS/Google Chrome

SessionNotCreatedException: Message: session not created: This version of ChromeDriver only supports Chrome version 105
Current browser version is 108.0.5359.124 with binary path /Applications/Google Chrome.app/Contents/MacOS/Google Chrome


