Traceback (most recent call last):
  File "/Users/long/miniforge3/envs/gtm_py11/lib/python3.11/site-packages/jupyter_cache/executors/utils.py", line 58, in single_nb_execution
    executenb(
  File "/Users/long/miniforge3/envs/gtm_py11/lib/python3.11/site-packages/nbclient/client.py", line 1314, in execute
    return NotebookClient(nb=nb, resources=resources, km=km, **kwargs).execute()
           ^^^^^^^^^^^^^^^^^^^^^^^^^^^^^^^^^^^^^^^^^^^^^^^^^^^^^^^^^^^^^^^^^^^^^
  File "/Users/long/miniforge3/envs/gtm_py11/lib/python3.11/site-packages/jupyter_core/utils/__init__.py", line 165, in wrapped
    return loop.run_until_complete(inner)
           ^^^^^^^^^^^^^^^^^^^^^^^^^^^^^^
  File "/Users/long/miniforge3/envs/gtm_py11/lib/python3.11/asyncio/base_events.py", line 653, in run_until_complete
    return future.result()
           ^^^^^^^^^^^^^^^
  File "/Users/long/miniforge3/envs/gtm_py11/lib/python3.11/site-packages/nbclient/client.py", line 709, in async_execute
    await self.async_execute_cell(
  File "/Users/long/miniforge3/envs/gtm_py11/lib/python3.11/site-packages/nbclient/client.py", line 1062, in async_execute_cell
    await self._check_raise_for_error(cell, cell_index, exec_reply)
  File "/Users/long/miniforge3/envs/gtm_py11/lib/python3.11/site-packages/nbclient/client.py", line 918, in _check_raise_for_error
    raise CellExecutionError.from_cell_and_msg(cell, exec_reply_content)
nbclient.exceptions.CellExecutionError: An error occurred while executing the following cell:
------------------
#  import libraries
from selenium import webdriver
from selenium.webdriver.common.by import By
from selenium.webdriver.support.ui import WebDriverWait
from selenium.webdriver.support import expected_conditions as EC
from selenium.webdriver.support.ui import Select
from time import sleep
import pandas as pd
import datefinder
import calendar
import os
import unittest
from random import randint
import PyPDF2
import glob
import time
import pickle
import numpy as np

driver_path = '/Users/siyu/Library/Mobile Documents/com~apple~CloudDocs/Projects/AFRI/chromedriver'
#driver = webdriver.Chrome(executable_path=DRIVER_PATH)

# Change the working directory
os.chdir('/Users/siyu/Library/Mobile Documents/com~apple~CloudDocs/Projects/AFRI/Delaware')
# os.chdir('/Users/siyu/Desktop/AFRI web scraping')
# Get the current working directory
cwd = os.getcwd()
# Print the current working directory
print("Current working directory: {0}".format(cwd))

chromeOptions = webdriver.ChromeOptions()
dnldpath = {"download.default_directory" : "/Users/siyu/Library/Mobile Documents/com~apple~CloudDocs/Projects/AFRI/Delaware"}
chromeOptions.add_experimental_option('prefs', {
"download.default_directory": dnldpath, #Change default directory for downloads
"download.prompt_for_download": False, #To auto download the file
"download.directory_upgrade": True,
"plugins.always_open_pdf_externally": True, #It will not show PDF directly in chrome
"--enable-javascript":True
})
driver = webdriver.Chrome(executable_path=driver_path, options=chromeOptions)

# for all sessions:
####driver.get("https://legis.delaware.gov/SessionLaws/")

# test 2021-22
#driver.get("https://legis.delaware.gov/SessionLaws/Chapters?volume=48")

sessionurls = []
acts = []
urls = []

acttxts = []

# year 1975-2022 (128th-151st General Assembly), links end with 36-47, 1, 2, 5, 6, 8-10, 12-15, 48
for year in range (36,48): # change the years
    print(year)
    sessionurl = "https://legis.delaware.gov/SessionLaws/Chapters?volume=" + str(year)
    print(sessionurl)
    driver.get(sessionurl)
    acts = driver.find_elements_by_css_selector("#ContentPlaceholder_T3A13E1F0003_Col00 > div > div > ol > li > p:nth-child(1) > a")


    for act in acts:
        url = act.get_attribute("href")
        try:
            url = act.get_attribute("href")
            urls.append(url)
        # if not working, print the undone acts
        except:
            print(act)

for url in urls:
    driver.get(url)
    # mimic human working behavior to avoid crash
    t = randint(1,10)*0.001
    time.sleep(t)
    WebDriverWait(driver, 60).until(
        EC.presence_of_element_located((By.CSS_SELECTOR, "body"))
    )
    acttxt = driver.find_element_by_css_selector('body').text
    print(driver.find_element_by_css_selector('body').text)
    acttxts.append(acttxt)


# for all session:
#sessionlist = driver.find_elements_by_css_selector('table.k-grid.k-widget.table a')
#for session in sessonlist:
#    session.click()
#    sleep(1)


datasource = pd.DataFrame({
    'Full text': acttxts
})

# save bill info into files
datasource.to_excel('DE_Leginfo.xlsx')
datasource.to_csv('DE_Leginfo.csv')
datasource.to_pickle('DE_Leginfo.pkl')
datasource.to_json('DE_Leginfo.json')

------------------


[0;31m---------------------------------------------------------------------------[0m
[0;31mFileNotFoundError[0m                         Traceback (most recent call last)
Cell [0;32mIn[1], line 24[0m
[1;32m     20[0m driver_path [38;5;241m=[39m [38;5;124m'[39m[38;5;124m/Users/siyu/Library/Mobile Documents/com~apple~CloudDocs/Projects/AFRI/chromedriver[39m[38;5;124m'[39m
[1;32m     21[0m [38;5;66;03m#driver = webdriver.Chrome(executable_path=DRIVER_PATH)[39;00m
[1;32m     22[0m 
[1;32m     23[0m [38;5;66;03m# Change the working directory[39;00m
[0;32m---> 24[0m [43mos[49m[38;5;241;43m.[39;49m[43mchdir[49m[43m([49m[38;5;124;43m'[39;49m[38;5;124;43m/Users/siyu/Library/Mobile Documents/com~apple~CloudDocs/Projects/AFRI/Delaware[39;49m[38;5;124;43m'[39;49m[43m)[49m
[1;32m     25[0m [38;5;66;03m# os.chdir('/Users/siyu/Desktop/AFRI web scraping')[39;00m
[1;32m     26[0m [38;5;66;03m# Get the current working directory[39;00m
[1;32m     27[0m cwd [38;5;241m=[39m os[38;5;241m.[39mgetcwd()

[0;31mFileNotFoundError[0m: [Errno 2] No such file or directory: '/Users/siyu/Library/Mobile Documents/com~apple~CloudDocs/Projects/AFRI/Delaware'

